Using pre-set license
Built from '2020.2/release' branch; Version is '2020.2.1f1 (270dd8c3da1c) revision 2559448'; Using compiler version '192528614'; Build Type 'Release'
OS: 'Windows 10  (10.0.0) 64bit' Language: 'en' Physical Memory: 16119 MB
BatchMode: 1, IsHumanControllingUs: 0, StartBugReporterOnCrash: 0, Is64bit: 1, IsPro: 0

 COMMAND LINE ARGUMENTS:
C:\Program Files\Unity\Hub\Editor\2020.2.1f1\Editor\Unity.exe
-adb2
-batchMode
-noUpm
-name
AssetImportWorker0
-projectPath
C:/COMP397/COMP397-W2021-Lesson1c
-logFile
Logs/AssetImportWorker0.log
-srvPort
1976
Successfully changed project path to: C:/COMP397/COMP397-W2021-Lesson1c
C:/COMP397/COMP397-W2021-Lesson1c
Using Asset Import Pipeline V2.
Refreshing native plugins compatible for Editor in 32.15 ms, found 0 plugins.
Preloading 0 native plugins for Editor in 0.00 ms.
Initialize engine version: 2020.2.1f1 (270dd8c3da1c)
[Subsystems] Discovering subsystems at path C:/Program Files/Unity/Hub/Editor/2020.2.1f1/Editor/Data/Resources/UnitySubsystems
[Subsystems] Discovering subsystems at path C:/COMP397/COMP397-W2021-Lesson1c/Assets
GfxDevice: creating device client; threaded=0
Direct3D:
    Version:  Direct3D 11.0 [level 11.1]
    Renderer: NVIDIA Quadro P2000 (ID=0x1cba)
    Vendor:   
    VRAM:     4018 MB
    Driver:   27.21.14.5256
Initialize mono
Mono path[0] = 'C:/Program Files/Unity/Hub/Editor/2020.2.1f1/Editor/Data/Managed'
Mono path[1] = 'C:/Program Files/Unity/Hub/Editor/2020.2.1f1/Editor/Data/MonoBleedingEdge/lib/mono/unityjit'
Mono config path = 'C:/Program Files/Unity/Hub/Editor/2020.2.1f1/Editor/Data/MonoBleedingEdge/etc'
Using monoOptions --debugger-agent=transport=dt_socket,embedding=1,server=y,suspend=n,address=127.0.0.1:56024
Begin MonoManager ReloadAssembly
Registering precompiled unity dll's ...
Register platform support module: C:/Program Files/Unity/Hub/Editor/2020.2.1f1/Editor/Data/PlaybackEngines/WebGLSupport/UnityEditor.WebGL.Extensions.dll
Register platform support module: C:/Program Files/Unity/Hub/Editor/2020.2.1f1/Editor/Data/PlaybackEngines/WindowsStandaloneSupport/UnityEditor.WindowsStandalone.Extensions.dll
Registered in 0.003016 seconds.
Native extension for WindowsStandalone target not found
Native extension for WebGL target not found
Refreshing native plugins compatible for Editor in 23.86 ms, found 0 plugins.
Preloading 0 native plugins for Editor in 0.00 ms.
Invoked RoslynAnalysisRunner static constructor.
RoslynAnalysisRunner will not be running.
RoslynAnalysisRunner has terminated.
Mono: successfully reloaded assembly
- Completed reload, in  2.317 seconds
Platform modules already initialized, skipping
Registering precompiled user dll's ...
Registered in 0.001200 seconds.
Begin MonoManager ReloadAssembly
Native extension for WindowsStandalone target not found
Native extension for WebGL target not found
Refreshing native plugins compatible for Editor in 0.21 ms, found 0 plugins.
Preloading 0 native plugins for Editor in 0.00 ms.
Invoked RoslynAnalysisRunner static constructor.
RoslynAnalysisRunner will not be running.
RoslynAnalysisRunner has terminated.
Mono: successfully reloaded assembly
- Completed reload, in  0.875 seconds
Platform modules already initialized, skipping
========================================================================
Worker process is ready to serve import requests
Launched and connected shader compiler UnityShaderCompiler.exe after 0.14 seconds
Refreshing native plugins compatible for Editor in 0.18 ms, found 0 plugins.
Preloading 0 native plugins for Editor in 0.00 ms.
Unloading 1094 Unused Serialized files (Serialized files now loaded: 0)
System memory in use before: 56.4 MB.
System memory in use after: 56.4 MB.

Unloading 10 unused Assets to reduce memory usage. Loaded Objects now: 1535.
Total: 1.700600 ms (FindLiveObjects: 0.117200 ms CreateObjectMapping: 0.030200 ms MarkObjects: 1.497000 ms  DeleteObjects: 0.054900 ms)

========================================================================
Received Import Request.
  path: Assets/Models/tile2.blend
  artifactKey: Guid(ca3cebf61751e9e43ba07ced58d58688) Importer(815301076,1909f56bfc062723c751e8b465ee728b)
Start importing Assets/Models/tile2.blend using Guid(ca3cebf61751e9e43ba07ced58d58688) Importer(815301076,1909f56bfc062723c751e8b465ee728b)  -> (artifact id: '484afc304108429cd2dee2f2c2d5aaef') in 0.589000 seconds
  Import took 0.590901 seconds .

========================================================================
Received Import Request.
  Time since last request: 18.766114 seconds.
  path: Assets/Models/tile2.blend1
  artifactKey: Guid(b71405397b79a014b894a31be27c3177) Importer(815301076,1909f56bfc062723c751e8b465ee728b)
Start importing Assets/Models/tile2.blend1 using Guid(b71405397b79a014b894a31be27c3177) Importer(815301076,1909f56bfc062723c751e8b465ee728b)  -> (artifact id: 'aaf74825dfe7be43c0fa2064c6803e25') in 0.007506 seconds
  Import took 0.010344 seconds .

========================================================================
Received Import Request.
  Time since last request: 17.095486 seconds.
  path: Assets/Models/tile2.blend
  artifactKey: Guid(ca3cebf61751e9e43ba07ced58d58688) Importer(815301076,1909f56bfc062723c751e8b465ee728b)
Start importing Assets/Models/tile2.blend using Guid(ca3cebf61751e9e43ba07ced58d58688) Importer(815301076,1909f56bfc062723c751e8b465ee728b)  -> (artifact id: '5a70b17d3e975ff741f1717097e41615') in 0.029453 seconds
  Import took 0.031842 seconds .

AssetImportWorkerClient::OnTransportError - code=2 error=End of file
