Using pre-set license
Built from '2020.2/release' branch; Version is '2020.2.1f1 (270dd8c3da1c) revision 2559448'; Using compiler version '192528614'; Build Type 'Release'
OS: 'Windows 10  (10.0.0) 64bit' Language: 'en' Physical Memory: 16119 MB
BatchMode: 1, IsHumanControllingUs: 0, StartBugReporterOnCrash: 0, Is64bit: 1, IsPro: 0

 COMMAND LINE ARGUMENTS:
C:\Program Files\Unity\Hub\Editor\2020.2.1f1\Editor\Unity.exe
-adb2
-batchMode
-noUpm
-name
AssetImportWorker0
-projectPath
C:/COMP397/COMP397-W2021-Lesson1c
-logFile
Logs/AssetImportWorker0.log
-srvPort
27598
Successfully changed project path to: C:/COMP397/COMP397-W2021-Lesson1c
C:/COMP397/COMP397-W2021-Lesson1c
Using Asset Import Pipeline V2.
Refreshing native plugins compatible for Editor in 21.78 ms, found 0 plugins.
Preloading 0 native plugins for Editor in 0.00 ms.
Initialize engine version: 2020.2.1f1 (270dd8c3da1c)
[Subsystems] Discovering subsystems at path C:/Program Files/Unity/Hub/Editor/2020.2.1f1/Editor/Data/Resources/UnitySubsystems
[Subsystems] Discovering subsystems at path C:/COMP397/COMP397-W2021-Lesson1c/Assets
GfxDevice: creating device client; threaded=0
Direct3D:
    Version:  Direct3D 11.0 [level 11.1]
    Renderer: NVIDIA Quadro P2000 (ID=0x1cba)
    Vendor:   
    VRAM:     4018 MB
    Driver:   27.21.14.5256
Initialize mono
Mono path[0] = 'C:/Program Files/Unity/Hub/Editor/2020.2.1f1/Editor/Data/Managed'
Mono path[1] = 'C:/Program Files/Unity/Hub/Editor/2020.2.1f1/Editor/Data/MonoBleedingEdge/lib/mono/unityjit'
Mono config path = 'C:/Program Files/Unity/Hub/Editor/2020.2.1f1/Editor/Data/MonoBleedingEdge/etc'
Using monoOptions --debugger-agent=transport=dt_socket,embedding=1,server=y,suspend=n,address=127.0.0.1:56664
Begin MonoManager ReloadAssembly
Registering precompiled unity dll's ...
Register platform support module: C:/Program Files/Unity/Hub/Editor/2020.2.1f1/Editor/Data/PlaybackEngines/WebGLSupport/UnityEditor.WebGL.Extensions.dll
Register platform support module: C:/Program Files/Unity/Hub/Editor/2020.2.1f1/Editor/Data/PlaybackEngines/WindowsStandaloneSupport/UnityEditor.WindowsStandalone.Extensions.dll
Registered in 0.002760 seconds.
Native extension for WindowsStandalone target not found
Native extension for WebGL target not found
Refreshing native plugins compatible for Editor in 22.42 ms, found 0 plugins.
Preloading 0 native plugins for Editor in 0.00 ms.
Invoked RoslynAnalysisRunner static constructor.
RoslynAnalysisRunner will not be running.
RoslynAnalysisRunner has terminated.
Mono: successfully reloaded assembly
- Completed reload, in  3.191 seconds
Platform modules already initialized, skipping
Registering precompiled user dll's ...
Registered in 0.000731 seconds.
Begin MonoManager ReloadAssembly
Native extension for WindowsStandalone target not found
Native extension for WebGL target not found
Refreshing native plugins compatible for Editor in 0.18 ms, found 0 plugins.
Preloading 0 native plugins for Editor in 0.00 ms.
Invoked RoslynAnalysisRunner static constructor.
RoslynAnalysisRunner will not be running.
RoslynAnalysisRunner has terminated.
Mono: successfully reloaded assembly
- Completed reload, in  0.861 seconds
Platform modules already initialized, skipping
========================================================================
Worker process is ready to serve import requests
Launched and connected shader compiler UnityShaderCompiler.exe after 0.40 seconds
Refreshing native plugins compatible for Editor in 0.17 ms, found 0 plugins.
Preloading 0 native plugins for Editor in 0.00 ms.
Unloading 1094 Unused Serialized files (Serialized files now loaded: 0)
System memory in use before: 55.9 MB.
System memory in use after: 55.9 MB.

Unloading 10 unused Assets to reduce memory usage. Loaded Objects now: 1533.
Total: 2.555100 ms (FindLiveObjects: 0.215400 ms CreateObjectMapping: 0.036200 ms MarkObjects: 2.200000 ms  DeleteObjects: 0.101600 ms)

========================================================================
Received Import Request.
  path: Assets
  artifactKey: Guid(00000000000000001000000000000000) Importer(815301076,1909f56bfc062723c751e8b465ee728b)
Start importing Assets using Guid(00000000000000001000000000000000) Importer(815301076,1909f56bfc062723c751e8b465ee728b)  -> (artifact id: 'e1a2c4dac9df7c17871e19a3b74f0e9f') in 0.004647 seconds
  Import took 0.028189 seconds .

========================================================================
Received Import Request.
  Time since last request: 2.692589 seconds.
  path: Assets/Models
  artifactKey: Guid(dcfe3bdf7d18dc04796554a13e197523) Importer(815301076,1909f56bfc062723c751e8b465ee728b)
Start importing Assets/Models using Guid(dcfe3bdf7d18dc04796554a13e197523) Importer(815301076,1909f56bfc062723c751e8b465ee728b)  -> (artifact id: 'd4d2718ea3e7dd3db189a40983bdd5ed') in 0.003768 seconds
  Import took 0.876957 seconds .

========================================================================
Received Import Request.
  Time since last request: 50.496993 seconds.
  path: Assets/Scenes
  artifactKey: Guid(f0cd2f02cb267404187b5337dacaa82c) Importer(815301076,1909f56bfc062723c751e8b465ee728b)
Start importing Assets/Scenes using Guid(f0cd2f02cb267404187b5337dacaa82c) Importer(815301076,1909f56bfc062723c751e8b465ee728b)  -> (artifact id: '6ac9bbbe22aa6106478a973aa6b19fc5') in 0.005801 seconds
  Import took 0.909872 seconds .

========================================================================
Received Import Request.
  Time since last request: 2.310932 seconds.
  path: Assets/Models/tile.blend
  artifactKey: Guid(f241eb7e304e3ec44b60db47dfe1b65b) Importer(815301076,1909f56bfc062723c751e8b465ee728b)
Start importing Assets/Models/tile.blend using Guid(f241eb7e304e3ec44b60db47dfe1b65b) Importer(815301076,1909f56bfc062723c751e8b465ee728b)  -> (artifact id: 'f0fef424817a4f84c205b9ebe980bb9b') in 0.547457 seconds
  Import took 0.572088 seconds .

========================================================================
Received Import Request.
  Time since last request: 61.554232 seconds.
  path: Assets/Models/tile.blend
  artifactKey: Guid(f241eb7e304e3ec44b60db47dfe1b65b) Importer(815301076,1909f56bfc062723c751e8b465ee728b)
Start importing Assets/Models/tile.blend using Guid(f241eb7e304e3ec44b60db47dfe1b65b) Importer(815301076,1909f56bfc062723c751e8b465ee728b)  -> (artifact id: 'cbfbb691d695b8c305408b0bf512adac') in 0.025937 seconds
  Import took 0.028848 seconds .

========================================================================
Received Import Request.
  Time since last request: 547.794484 seconds.
  path: Assets/Audio
  artifactKey: Guid(23a54f161b0c4954c8e8b044d213f61b) Importer(815301076,1909f56bfc062723c751e8b465ee728b)
Start importing Assets/Audio using Guid(23a54f161b0c4954c8e8b044d213f61b) Importer(815301076,1909f56bfc062723c751e8b465ee728b)  -> (artifact id: '7d59b8d4e75a001f3b3c91396d646e63') in 0.004552 seconds
  Import took 0.007552 seconds .

========================================================================
Received Import Request.
  Time since last request: 8.262243 seconds.
  path: Assets/Scripts
  artifactKey: Guid(8c67dcdcb5760b74d8a7968e35219d98) Importer(815301076,1909f56bfc062723c751e8b465ee728b)
Start importing Assets/Scripts using Guid(8c67dcdcb5760b74d8a7968e35219d98) Importer(815301076,1909f56bfc062723c751e8b465ee728b)  -> (artifact id: '16cbaf324c9e4d7f98c5210c116571fa') in 0.008046 seconds
  Import took 0.010439 seconds .

========================================================================
Received Import Request.
  Time since last request: 0.000876 seconds.
  path: Assets/Scripts
  artifactKey: Guid(8c67dcdcb5760b74d8a7968e35219d98) Importer(815301076,1909f56bfc062723c751e8b465ee728b)
Start importing Assets/Scripts using Guid(8c67dcdcb5760b74d8a7968e35219d98) Importer(815301076,1909f56bfc062723c751e8b465ee728b)  -> (artifact id: '16cbaf324c9e4d7f98c5210c116571fa') in 0.003508 seconds
  Import took 0.005820 seconds .

========================================================================
Received Import Request.
  Time since last request: 9.563475 seconds.
  path: Assets/Materials
  artifactKey: Guid(1f3382924e42ef847bf75d379ff54d5e) Importer(815301076,1909f56bfc062723c751e8b465ee728b)
Start importing Assets/Materials using Guid(1f3382924e42ef847bf75d379ff54d5e) Importer(815301076,1909f56bfc062723c751e8b465ee728b)  -> (artifact id: '8cc927eb7ea07ccfbb26f85421484faf') in 0.005024 seconds
  Import took 0.008412 seconds .

========================================================================
Received Import Request.
  Time since last request: 0.003315 seconds.
  path: Assets/Materials
  artifactKey: Guid(1f3382924e42ef847bf75d379ff54d5e) Importer(815301076,1909f56bfc062723c751e8b465ee728b)
Start importing Assets/Materials using Guid(1f3382924e42ef847bf75d379ff54d5e) Importer(815301076,1909f56bfc062723c751e8b465ee728b)  -> (artifact id: '8cc927eb7ea07ccfbb26f85421484faf') in 0.003784 seconds
  Import took 0.006142 seconds .

========================================================================
Received Import Request.
  Time since last request: 47.414442 seconds.
  path: Assets/_Scenes
  artifactKey: Guid(f0cd2f02cb267404187b5337dacaa82c) Importer(815301076,1909f56bfc062723c751e8b465ee728b)
Start importing Assets/_Scenes using Guid(f0cd2f02cb267404187b5337dacaa82c) Importer(815301076,1909f56bfc062723c751e8b465ee728b)  -> (artifact id: 'e708904d9482176ee3977c4fbfd341a1') in 0.003371 seconds
  Import took 0.005172 seconds .

========================================================================
Received Import Request.
  Time since last request: 10.784575 seconds.
  path: Assets/_Scripts
  artifactKey: Guid(8c67dcdcb5760b74d8a7968e35219d98) Importer(815301076,1909f56bfc062723c751e8b465ee728b)
Start importing Assets/_Scripts using Guid(8c67dcdcb5760b74d8a7968e35219d98) Importer(815301076,1909f56bfc062723c751e8b465ee728b)  -> (artifact id: 'd859fe1ae52ebeb390681ade416d2228') in 0.005106 seconds
  Import took 0.009031 seconds .

========================================================================
Received Import Request.
  Time since last request: 10.607082 seconds.
  path: Assets/Resources
  artifactKey: Guid(6ca11d533c0b89e4d887db45dece64f0) Importer(815301076,1909f56bfc062723c751e8b465ee728b)
Start importing Assets/Resources using Guid(6ca11d533c0b89e4d887db45dece64f0) Importer(815301076,1909f56bfc062723c751e8b465ee728b)  -> (artifact id: '1370ef0bdf9bc2a2cfb7a4db4e04e022') in 0.004349 seconds
  Import took 0.007269 seconds .

========================================================================
Received Import Request.
  Time since last request: 0.003736 seconds.
  path: Assets/Resources
  artifactKey: Guid(6ca11d533c0b89e4d887db45dece64f0) Importer(815301076,1909f56bfc062723c751e8b465ee728b)
Start importing Assets/Resources using Guid(6ca11d533c0b89e4d887db45dece64f0) Importer(815301076,1909f56bfc062723c751e8b465ee728b)  -> (artifact id: '1370ef0bdf9bc2a2cfb7a4db4e04e022') in 0.004178 seconds
  Import took 0.006455 seconds .

========================================================================
Received Import Request.
  Time since last request: 7.191262 seconds.
  path: Assets/Textures
  artifactKey: Guid(c23148f13aec5e745ac55d5bdf7958bc) Importer(815301076,1909f56bfc062723c751e8b465ee728b)
Start importing Assets/Textures using Guid(c23148f13aec5e745ac55d5bdf7958bc) Importer(815301076,1909f56bfc062723c751e8b465ee728b)  -> (artifact id: '22e7aad83dc4892e6e04ff29336192ad') in 0.006324 seconds
  Import took 0.008945 seconds .

========================================================================
Received Import Request.
  Time since last request: 0.003549 seconds.
  path: Assets/Textures
  artifactKey: Guid(c23148f13aec5e745ac55d5bdf7958bc) Importer(815301076,1909f56bfc062723c751e8b465ee728b)
Start importing Assets/Textures using Guid(c23148f13aec5e745ac55d5bdf7958bc) Importer(815301076,1909f56bfc062723c751e8b465ee728b)  -> (artifact id: '22e7aad83dc4892e6e04ff29336192ad') in 0.003934 seconds
  Import took 0.006011 seconds .

AssetImportWorkerClient::OnTransportError - code=2 error=End of file
